<?xml version="1.0" encoding="UTF-8"?>
<!-- Generated by org.testng.reporters.JUnitReportReporter -->
<testsuite hostname="AGRNT-WS-003" failures="0" tests="1" name="test.day1" time="0.007" errors="0" timestamp="2022-08-23T15:20:00 IST" skipped="0">
  <testcase classname="test.day1" name="ploan" time="0.007"/>
  <system-out/>
</testsuite> <!-- test.day1 -->
