<?xml version="1.0" encoding="UTF-8"?>
<!-- Generated by org.testng.reporters.JUnitReportReporter -->
<testsuite hostname="AGRNT-WS-003" failures="0" tests="2" name="test.day3" time="0.001" errors="0" timestamp="2022-08-23T15:20:00 IST" skipped="0">
  <testcase classname="test.day3" name="WebloginCarLoan" time="0.001"/>
  <system-out/>
  <testcase classname="test.day3" name="MobileLoginLoan" time="0.000"/>
  <system-out/>
</testsuite> <!-- test.day3 -->
